2016-01-17 14:08:02 - PHP Notice:  Undefined variable: product_info_aute in /www/webvol16/2l/cu9ffy6mb8jhi1f/xboxliveguld.se/public_html/vqmod/vqcache/vq2-catalog_model_checkout_order.php on line 361
2016-01-17 14:08:02 - PHP Warning:  Invalid argument supplied for foreach() in /www/webvol16/2l/cu9ffy6mb8jhi1f/xboxliveguld.se/public_html/vqmod/vqcache/vq2-catalog_model_checkout_order.php on line 361
2016-01-19 17:57:02 - PHP Notice:  Undefined variable: help_usere in /www/webvol16/2l/cu9ffy6mb8jhi1f/xboxliveguld.se/public_html/admin/view/template/payment/pp_payflow.tpl on line 38
2016-01-20 19:41:04 - PHP Notice:  Undefined variable: fff in /www/webvol16/2l/cu9ffy6mb8jhi1f/xboxliveguld.se/public_html/vqmod/vqcache/vq2-catalog_model_checkout_order.php on line 458
2016-01-23 2:06:55 - PHP Warning:  mysqli::query(): MySQL server has gone away in /www/webvol16/2l/cu9ffy6mb8jhi1f/xboxliveguld.se/public_html/system/library/db/mysqli.php on line 19
2016-01-23 2:06:55 - PHP Warning:  mysqli::query(): Error reading result set's header in /www/webvol16/2l/cu9ffy6mb8jhi1f/xboxliveguld.se/public_html/system/library/db/mysqli.php on line 19
2016-01-23 2:06:55 - PHP Notice:  Error: MySQL server has gone away<br />Error No: 2006<br />DELETE FROM oc_cart WHERE customer_id = '0' AND date_added < DATE_SUB(NOW(), INTERVAL 1 HOUR) in /www/webvol16/2l/cu9ffy6mb8jhi1f/xboxliveguld.se/public_html/system/library/db/mysqli.php on line 41
2016-01-23 2:06:55 - PHP Notice:  Error: MySQL server has gone away<br />Error No: 2006<br />SELECT * FROM oc_extension WHERE `type` = 'openbay' in /www/webvol16/2l/cu9ffy6mb8jhi1f/xboxliveguld.se/public_html/system/library/db/mysqli.php on line 41
2016-01-23 2:06:55 - PHP Notice:  Trying to get property of non-object in /www/webvol16/2l/cu9ffy6mb8jhi1f/xboxliveguld.se/public_html/system/library/openbay.php on line 119
2016-01-23 2:06:55 - PHP Warning:  Invalid argument supplied for foreach() in /www/webvol16/2l/cu9ffy6mb8jhi1f/xboxliveguld.se/public_html/system/library/openbay.php on line 119
2016-01-23 2:06:55 - PHP Notice:  Error: MySQL server has gone away<br />Error No: 2006<br />SELECT * FROM oc_event in /www/webvol16/2l/cu9ffy6mb8jhi1f/xboxliveguld.se/public_html/system/library/db/mysqli.php on line 41
2016-01-23 2:06:56 - PHP Notice:  Trying to get property of non-object in /www/webvol16/2l/cu9ffy6mb8jhi1f/xboxliveguld.se/public_html/index.php on line 254
2016-01-23 2:06:56 - PHP Warning:  Invalid argument supplied for foreach() in /www/webvol16/2l/cu9ffy6mb8jhi1f/xboxliveguld.se/public_html/index.php on line 254
2016-01-23 2:06:56 - PHP Notice:  Error: MySQL server has gone away<br />Error No: 2006<br />SELECT * FROM oc_layout_route WHERE 'common/home' LIKE route AND store_id = '0' ORDER BY route DESC LIMIT 1 in /www/webvol16/2l/cu9ffy6mb8jhi1f/xboxliveguld.se/public_html/system/library/db/mysqli.php on line 41
2016-01-23 2:06:56 - PHP Notice:  Trying to get property of non-object in /www/webvol16/2l/cu9ffy6mb8jhi1f/xboxliveguld.se/public_html/catalog/model/design/layout.php on line 6
2016-01-23 2:06:56 - PHP Notice:  Error: MySQL server has gone away<br />Error No: 2006<br />SELECT * FROM oc_layout_module WHERE layout_id = '4' AND position = 'column_left' ORDER BY sort_order in /www/webvol16/2l/cu9ffy6mb8jhi1f/xboxliveguld.se/public_html/system/library/db/mysqli.php on line 41
2016-01-23 2:06:56 - PHP Notice:  Trying to get property of non-object in /www/webvol16/2l/cu9ffy6mb8jhi1f/xboxliveguld.se/public_html/catalog/model/design/layout.php on line 16
2016-01-23 2:06:56 - PHP Warning:  Invalid argument supplied for foreach() in /www/webvol16/2l/cu9ffy6mb8jhi1f/xboxliveguld.se/public_html/catalog/controller/common/column_left.php on line 48
2016-01-23 2:06:56 - PHP Notice:  Error: MySQL server has gone away<br />Error No: 2006<br />SELECT * FROM oc_layout_route WHERE 'common/home' LIKE route AND store_id = '0' ORDER BY route DESC LIMIT 1 in /www/webvol16/2l/cu9ffy6mb8jhi1f/xboxliveguld.se/public_html/system/library/db/mysqli.php on line 41
2016-01-23 2:06:56 - PHP Notice:  Trying to get property of non-object in /www/webvol16/2l/cu9ffy6mb8jhi1f/xboxliveguld.se/public_html/catalog/model/design/layout.php on line 6
2016-01-23 2:06:56 - PHP Notice:  Error: MySQL server has gone away<br />Error No: 2006<br />SELECT * FROM oc_layout_module WHERE layout_id = '4' AND position = 'column_right' ORDER BY sort_order in /www/webvol16/2l/cu9ffy6mb8jhi1f/xboxliveguld.se/public_html/system/library/db/mysqli.php on line 41
2016-01-23 2:06:56 - PHP Notice:  Trying to get property of non-object in /www/webvol16/2l/cu9ffy6mb8jhi1f/xboxliveguld.se/public_html/catalog/model/design/layout.php on line 16
2016-01-23 2:06:56 - PHP Warning:  Invalid argument supplied for foreach() in /www/webvol16/2l/cu9ffy6mb8jhi1f/xboxliveguld.se/public_html/catalog/controller/common/column_right.php on line 48
2016-01-23 2:06:56 - PHP Notice:  Error: MySQL server has gone away<br />Error No: 2006<br />SELECT * FROM oc_layout_route WHERE 'common/home' LIKE route AND store_id = '0' ORDER BY route DESC LIMIT 1 in /www/webvol16/2l/cu9ffy6mb8jhi1f/xboxliveguld.se/public_html/system/library/db/mysqli.php on line 41
2016-01-23 2:06:56 - PHP Notice:  Trying to get property of non-object in /www/webvol16/2l/cu9ffy6mb8jhi1f/xboxliveguld.se/public_html/catalog/model/design/layout.php on line 6
2016-01-23 2:06:56 - PHP Notice:  Error: MySQL server has gone away<br />Error No: 2006<br />SELECT * FROM oc_layout_module WHERE layout_id = '4' AND position = 'content_top' ORDER BY sort_order in /www/webvol16/2l/cu9ffy6mb8jhi1f/xboxliveguld.se/public_html/system/library/db/mysqli.php on line 41
2016-01-23 2:06:56 - PHP Notice:  Trying to get property of non-object in /www/webvol16/2l/cu9ffy6mb8jhi1f/xboxliveguld.se/public_html/catalog/model/design/layout.php on line 16
2016-01-23 2:06:56 - PHP Warning:  Invalid argument supplied for foreach() in /www/webvol16/2l/cu9ffy6mb8jhi1f/xboxliveguld.se/public_html/catalog/controller/common/content_top.php on line 48
2016-01-23 2:06:56 - PHP Notice:  Error: MySQL server has gone away<br />Error No: 2006<br />SELECT * FROM oc_layout_route WHERE 'common/home' LIKE route AND store_id = '0' ORDER BY route DESC LIMIT 1 in /www/webvol16/2l/cu9ffy6mb8jhi1f/xboxliveguld.se/public_html/system/library/db/mysqli.php on line 41
2016-01-23 2:06:56 - PHP Notice:  Trying to get property of non-object in /www/webvol16/2l/cu9ffy6mb8jhi1f/xboxliveguld.se/public_html/catalog/model/design/layout.php on line 6
2016-01-23 2:06:56 - PHP Notice:  Error: MySQL server has gone away<br />Error No: 2006<br />SELECT * FROM oc_layout_module WHERE layout_id = '4' AND position = 'content_bottom' ORDER BY sort_order in /www/webvol16/2l/cu9ffy6mb8jhi1f/xboxliveguld.se/public_html/system/library/db/mysqli.php on line 41
2016-01-23 2:06:56 - PHP Notice:  Trying to get property of non-object in /www/webvol16/2l/cu9ffy6mb8jhi1f/xboxliveguld.se/public_html/catalog/model/design/layout.php on line 16
2016-01-23 2:06:56 - PHP Warning:  Invalid argument supplied for foreach() in /www/webvol16/2l/cu9ffy6mb8jhi1f/xboxliveguld.se/public_html/catalog/controller/common/content_bottom.php on line 48
2016-01-23 2:06:56 - PHP Notice:  Error: MySQL server has gone away<br />Error No: 2006<br />SELECT * FROM oc_information i LEFT JOIN oc_information_description id ON (i.information_id = id.information_id) LEFT JOIN oc_information_to_store i2s ON (i.information_id = i2s.information_id) WHERE id.language_id = '1' AND i2s.store_id = '0' AND i.status = '1' ORDER BY i.sort_order, LCASE(id.title) ASC in /www/webvol16/2l/cu9ffy6mb8jhi1f/xboxliveguld.se/public_html/system/library/db/mysqli.php on line 41
2016-01-23 2:06:56 - PHP Notice:  Trying to get property of non-object in /www/webvol16/2l/cu9ffy6mb8jhi1f/xboxliveguld.se/public_html/catalog/model/catalog/information.php on line 12
2016-01-23 2:06:56 - PHP Warning:  Invalid argument supplied for foreach() in /www/webvol16/2l/cu9ffy6mb8jhi1f/xboxliveguld.se/public_html/catalog/controller/common/footer.php on line 27
2016-01-23 2:06:56 - PHP Notice:  Error: MySQL server has gone away<br />Error No: 2006<br />SELECT * FROM oc_extension WHERE `type` = 'analytics' in /www/webvol16/2l/cu9ffy6mb8jhi1f/xboxliveguld.se/public_html/system/library/db/mysqli.php on line 41
2016-01-23 2:06:56 - PHP Notice:  Trying to get property of non-object in /www/webvol16/2l/cu9ffy6mb8jhi1f/xboxliveguld.se/public_html/catalog/model/extension/extension.php on line 6
2016-01-23 2:06:56 - PHP Warning:  Invalid argument supplied for foreach() in /www/webvol16/2l/cu9ffy6mb8jhi1f/xboxliveguld.se/public_html/catalog/controller/common/header.php on line 11
2016-01-23 2:06:56 - PHP Notice:  Error: MySQL server has gone away<br />Error No: 2006<br />SELECT * FROM oc_category c LEFT JOIN oc_category_description cd ON (c.category_id = cd.category_id) LEFT JOIN oc_category_to_store c2s ON (c.category_id = c2s.category_id) WHERE c.parent_id = '0' AND cd.language_id = '1' AND c2s.store_id = '0'  AND c.status = '1' ORDER BY c.sort_order, LCASE(cd.name) in /www/webvol16/2l/cu9ffy6mb8jhi1f/xboxliveguld.se/public_html/system/library/db/mysqli.php on line 41
2016-01-23 2:06:56 - PHP Notice:  Trying to get property of non-object in /www/webvol16/2l/cu9ffy6mb8jhi1f/xboxliveguld.se/public_html/catalog/model/catalog/category.php on line 12
2016-01-23 2:07:42 - PHP Warning:  mysqli::query(): MySQL server has gone away in /www/webvol16/2l/cu9ffy6mb8jhi1f/xboxliveguld.se/public_html/system/library/db/mysqli.php on line 19
2016-01-23 2:07:42 - PHP Warning:  mysqli::query(): Error reading result set's header in /www/webvol16/2l/cu9ffy6mb8jhi1f/xboxliveguld.se/public_html/system/library/db/mysqli.php on line 19
2016-01-23 2:07:42 - PHP Notice:  Error: MySQL server has gone away<br />Error No: 2006<br />DELETE FROM oc_cart WHERE customer_id = '0' AND date_added < DATE_SUB(NOW(), INTERVAL 1 HOUR) in /www/webvol16/2l/cu9ffy6mb8jhi1f/xboxliveguld.se/public_html/system/library/db/mysqli.php on line 41
2016-01-23 2:07:42 - PHP Notice:  Error: MySQL server has gone away<br />Error No: 2006<br />SELECT * FROM oc_extension WHERE `type` = 'openbay' in /www/webvol16/2l/cu9ffy6mb8jhi1f/xboxliveguld.se/public_html/system/library/db/mysqli.php on line 41
2016-01-23 2:07:42 - PHP Notice:  Trying to get property of non-object in /www/webvol16/2l/cu9ffy6mb8jhi1f/xboxliveguld.se/public_html/system/library/openbay.php on line 119
2016-01-23 2:07:42 - PHP Warning:  Invalid argument supplied for foreach() in /www/webvol16/2l/cu9ffy6mb8jhi1f/xboxliveguld.se/public_html/system/library/openbay.php on line 119
2016-01-23 2:07:42 - PHP Notice:  Error: MySQL server has gone away<br />Error No: 2006<br />SELECT * FROM oc_event in /www/webvol16/2l/cu9ffy6mb8jhi1f/xboxliveguld.se/public_html/system/library/db/mysqli.php on line 41
2016-01-23 2:07:42 - PHP Notice:  Trying to get property of non-object in /www/webvol16/2l/cu9ffy6mb8jhi1f/xboxliveguld.se/public_html/index.php on line 254
2016-01-23 2:07:42 - PHP Warning:  Invalid argument supplied for foreach() in /www/webvol16/2l/cu9ffy6mb8jhi1f/xboxliveguld.se/public_html/index.php on line 254
2016-01-23 2:07:42 - PHP Notice:  Error: MySQL server has gone away<br />Error No: 2006<br />SELECT * FROM oc_layout_route WHERE 'common/home' LIKE route AND store_id = '0' ORDER BY route DESC LIMIT 1 in /www/webvol16/2l/cu9ffy6mb8jhi1f/xboxliveguld.se/public_html/system/library/db/mysqli.php on line 41
2016-01-23 2:07:42 - PHP Notice:  Trying to get property of non-object in /www/webvol16/2l/cu9ffy6mb8jhi1f/xboxliveguld.se/public_html/catalog/model/design/layout.php on line 6
2016-01-23 2:07:42 - PHP Notice:  Error: MySQL server has gone away<br />Error No: 2006<br />SELECT * FROM oc_layout_module WHERE layout_id = '4' AND position = 'column_left' ORDER BY sort_order in /www/webvol16/2l/cu9ffy6mb8jhi1f/xboxliveguld.se/public_html/system/library/db/mysqli.php on line 41
2016-01-23 2:07:42 - PHP Notice:  Trying to get property of non-object in /www/webvol16/2l/cu9ffy6mb8jhi1f/xboxliveguld.se/public_html/catalog/model/design/layout.php on line 16
2016-01-23 2:07:42 - PHP Warning:  Invalid argument supplied for foreach() in /www/webvol16/2l/cu9ffy6mb8jhi1f/xboxliveguld.se/public_html/catalog/controller/common/column_left.php on line 48
2016-01-23 2:07:42 - PHP Notice:  Error: MySQL server has gone away<br />Error No: 2006<br />SELECT * FROM oc_layout_route WHERE 'common/home' LIKE route AND store_id = '0' ORDER BY route DESC LIMIT 1 in /www/webvol16/2l/cu9ffy6mb8jhi1f/xboxliveguld.se/public_html/system/library/db/mysqli.php on line 41
2016-01-23 2:07:42 - PHP Notice:  Trying to get property of non-object in /www/webvol16/2l/cu9ffy6mb8jhi1f/xboxliveguld.se/public_html/catalog/model/design/layout.php on line 6
2016-01-23 2:07:42 - PHP Notice:  Error: MySQL server has gone away<br />Error No: 2006<br />SELECT * FROM oc_layout_module WHERE layout_id = '4' AND position = 'column_right' ORDER BY sort_order in /www/webvol16/2l/cu9ffy6mb8jhi1f/xboxliveguld.se/public_html/system/library/db/mysqli.php on line 41
2016-01-23 2:07:42 - PHP Notice:  Trying to get property of non-object in /www/webvol16/2l/cu9ffy6mb8jhi1f/xboxliveguld.se/public_html/catalog/model/design/layout.php on line 16
2016-01-23 2:07:42 - PHP Warning:  Invalid argument supplied for foreach() in /www/webvol16/2l/cu9ffy6mb8jhi1f/xboxliveguld.se/public_html/catalog/controller/common/column_right.php on line 48
2016-01-23 2:07:42 - PHP Notice:  Error: MySQL server has gone away<br />Error No: 2006<br />SELECT * FROM oc_layout_route WHERE 'common/home' LIKE route AND store_id = '0' ORDER BY route DESC LIMIT 1 in /www/webvol16/2l/cu9ffy6mb8jhi1f/xboxliveguld.se/public_html/system/library/db/mysqli.php on line 41
2016-01-23 2:07:42 - PHP Notice:  Trying to get property of non-object in /www/webvol16/2l/cu9ffy6mb8jhi1f/xboxliveguld.se/public_html/catalog/model/design/layout.php on line 6
2016-01-23 2:07:42 - PHP Notice:  Error: MySQL server has gone away<br />Error No: 2006<br />SELECT * FROM oc_layout_module WHERE layout_id = '4' AND position = 'content_top' ORDER BY sort_order in /www/webvol16/2l/cu9ffy6mb8jhi1f/xboxliveguld.se/public_html/system/library/db/mysqli.php on line 41
2016-01-23 2:07:42 - PHP Notice:  Trying to get property of non-object in /www/webvol16/2l/cu9ffy6mb8jhi1f/xboxliveguld.se/public_html/catalog/model/design/layout.php on line 16
2016-01-23 2:07:42 - PHP Warning:  Invalid argument supplied for foreach() in /www/webvol16/2l/cu9ffy6mb8jhi1f/xboxliveguld.se/public_html/catalog/controller/common/content_top.php on line 48
2016-01-23 2:07:42 - PHP Notice:  Error: MySQL server has gone away<br />Error No: 2006<br />SELECT * FROM oc_layout_route WHERE 'common/home' LIKE route AND store_id = '0' ORDER BY route DESC LIMIT 1 in /www/webvol16/2l/cu9ffy6mb8jhi1f/xboxliveguld.se/public_html/system/library/db/mysqli.php on line 41
2016-01-23 2:07:42 - PHP Notice:  Trying to get property of non-object in /www/webvol16/2l/cu9ffy6mb8jhi1f/xboxliveguld.se/public_html/catalog/model/design/layout.php on line 6
2016-01-23 2:07:42 - PHP Notice:  Error: MySQL server has gone away<br />Error No: 2006<br />SELECT * FROM oc_layout_module WHERE layout_id = '4' AND position = 'content_bottom' ORDER BY sort_order in /www/webvol16/2l/cu9ffy6mb8jhi1f/xboxliveguld.se/public_html/system/library/db/mysqli.php on line 41
2016-01-23 2:07:42 - PHP Notice:  Trying to get property of non-object in /www/webvol16/2l/cu9ffy6mb8jhi1f/xboxliveguld.se/public_html/catalog/model/design/layout.php on line 16
2016-01-23 2:07:42 - PHP Warning:  Invalid argument supplied for foreach() in /www/webvol16/2l/cu9ffy6mb8jhi1f/xboxliveguld.se/public_html/catalog/controller/common/content_bottom.php on line 48
2016-01-23 2:07:42 - PHP Notice:  Error: MySQL server has gone away<br />Error No: 2006<br />SELECT * FROM oc_information i LEFT JOIN oc_information_description id ON (i.information_id = id.information_id) LEFT JOIN oc_information_to_store i2s ON (i.information_id = i2s.information_id) WHERE id.language_id = '1' AND i2s.store_id = '0' AND i.status = '1' ORDER BY i.sort_order, LCASE(id.title) ASC in /www/webvol16/2l/cu9ffy6mb8jhi1f/xboxliveguld.se/public_html/system/library/db/mysqli.php on line 41
2016-01-23 2:07:42 - PHP Notice:  Trying to get property of non-object in /www/webvol16/2l/cu9ffy6mb8jhi1f/xboxliveguld.se/public_html/catalog/model/catalog/information.php on line 12
2016-01-23 2:07:42 - PHP Warning:  Invalid argument supplied for foreach() in /www/webvol16/2l/cu9ffy6mb8jhi1f/xboxliveguld.se/public_html/catalog/controller/common/footer.php on line 27
2016-01-23 2:07:42 - PHP Notice:  Error: MySQL server has gone away<br />Error No: 2006<br />SELECT * FROM oc_extension WHERE `type` = 'analytics' in /www/webvol16/2l/cu9ffy6mb8jhi1f/xboxliveguld.se/public_html/system/library/db/mysqli.php on line 41
2016-01-23 2:07:42 - PHP Notice:  Trying to get property of non-object in /www/webvol16/2l/cu9ffy6mb8jhi1f/xboxliveguld.se/public_html/catalog/model/extension/extension.php on line 6
2016-01-23 2:07:42 - PHP Warning:  Invalid argument supplied for foreach() in /www/webvol16/2l/cu9ffy6mb8jhi1f/xboxliveguld.se/public_html/catalog/controller/common/header.php on line 11
2016-01-23 2:07:42 - PHP Notice:  Error: MySQL server has gone away<br />Error No: 2006<br />SELECT * FROM oc_category c LEFT JOIN oc_category_description cd ON (c.category_id = cd.category_id) LEFT JOIN oc_category_to_store c2s ON (c.category_id = c2s.category_id) WHERE c.parent_id = '0' AND cd.language_id = '1' AND c2s.store_id = '0'  AND c.status = '1' ORDER BY c.sort_order, LCASE(cd.name) in /www/webvol16/2l/cu9ffy6mb8jhi1f/xboxliveguld.se/public_html/system/library/db/mysqli.php on line 41
2016-01-23 2:07:42 - PHP Notice:  Trying to get property of non-object in /www/webvol16/2l/cu9ffy6mb8jhi1f/xboxliveguld.se/public_html/catalog/model/catalog/category.php on line 12
2016-02-04 9:52:33 - PHP Warning:  unlink(/www/webvol16/2l/cu9ffy6mb8jhi1f/xboxliveguld.se/public_html/system/storage/cache/cache.currency.1454542295): No such file or directory in /www/webvol16/2l/cu9ffy6mb8jhi1f/xboxliveguld.se/public_html/system/library/cache/file.php on line 17
2016-02-09 18:21:47 - PHP Notice:  Undefined variable: fff in /www/webvol16/2l/cu9ffy6mb8jhi1f/xboxliveguld.se/public_html/vqmod/vqcache/vq2-catalog_model_checkout_order.php on line 458
2016-02-09 18:52:33 - PHP Notice:  Undefined index: address_id in /www/webvol16/2l/cu9ffy6mb8jhi1f/xboxliveguld.se/public_html/catalog/controller/d_quickcheckout/confirm.php on line 76
2016-02-09 18:53:05 - PHP Notice:  Undefined variable: fff in /www/webvol16/2l/cu9ffy6mb8jhi1f/xboxliveguld.se/public_html/vqmod/vqcache/vq2-catalog_model_checkout_order.php on line 458
2016-02-09 19:13:33 - PHP Notice:  Undefined variable: product in /www/webvol16/2l/cu9ffy6mb8jhi1f/xboxliveguld.se/public_html/vqmod/vqcache/vq2-catalog_model_checkout_order.php on line 511
2016-02-09 19:13:58 - PHP Notice:  Undefined index: address_id in /www/webvol16/2l/cu9ffy6mb8jhi1f/xboxliveguld.se/public_html/catalog/controller/d_quickcheckout/confirm.php on line 76
2016-02-09 19:18:36 - PHP Notice:  Undefined index: address_id in /www/webvol16/2l/cu9ffy6mb8jhi1f/xboxliveguld.se/public_html/catalog/controller/d_quickcheckout/confirm.php on line 76
2016-02-09 19:20:27 - PHP Notice:  Undefined index: address_id in /www/webvol16/2l/cu9ffy6mb8jhi1f/xboxliveguld.se/public_html/catalog/controller/d_quickcheckout/confirm.php on line 76
2016-02-09 19:22:18 - PHP Notice:  Undefined index: address_id in /www/webvol16/2l/cu9ffy6mb8jhi1f/xboxliveguld.se/public_html/catalog/controller/d_quickcheckout/confirm.php on line 76
2016-02-09 22:55:45 - PHP Notice:  Undefined index: address_id in /www/webvol16/2l/cu9ffy6mb8jhi1f/xboxliveguld.se/public_html/catalog/controller/d_quickcheckout/confirm.php on line 76
2016-02-09 23:00:23 - PHP Notice:  Undefined variable: fff in /www/webvol16/2l/cu9ffy6mb8jhi1f/xboxliveguld.se/public_html/vqmod/vqcache/vq2-catalog_model_checkout_order.php on line 458
2016-02-09 23:27:30 - PHP Notice:  Undefined index: address_id in /www/webvol16/2l/cu9ffy6mb8jhi1f/xboxliveguld.se/public_html/catalog/controller/d_quickcheckout/confirm.php on line 76
2016-02-09 23:29:41 - PHP Notice:  Undefined index: address_id in /www/webvol16/2l/cu9ffy6mb8jhi1f/xboxliveguld.se/public_html/catalog/controller/d_quickcheckout/confirm.php on line 76
2016-02-10 15:41:13 - PHP Notice:  Undefined index: address_id in /www/webvol16/2l/cu9ffy6mb8jhi1f/xboxliveguld.se/public_html/catalog/controller/d_quickcheckout/confirm.php on line 76
2016-02-10 15:41:52 - PHP Notice:  Undefined variable: fff in /www/webvol16/2l/cu9ffy6mb8jhi1f/xboxliveguld.se/public_html/vqmod/vqcache/vq2-catalog_model_checkout_order.php on line 458
2016-02-10 17:50:03 - PHP Notice:  Undefined index: address_id in /www/webvol16/2l/cu9ffy6mb8jhi1f/xboxliveguld.se/public_html/catalog/controller/d_quickcheckout/confirm.php on line 76
2016-02-10 17:52:28 - PHP Notice:  Undefined index: address_id in /www/webvol16/2l/cu9ffy6mb8jhi1f/xboxliveguld.se/public_html/catalog/controller/d_quickcheckout/confirm.php on line 76
2016-02-10 17:57:41 - PHP Notice:  Undefined index: address_id in /www/webvol16/2l/cu9ffy6mb8jhi1f/xboxliveguld.se/public_html/catalog/controller/d_quickcheckout/confirm.php on line 76
2016-02-10 18:02:34 - PHP Notice:  Undefined index: address_id in /www/webvol16/2l/cu9ffy6mb8jhi1f/xboxliveguld.se/public_html/catalog/controller/d_quickcheckout/confirm.php on line 76
2016-02-10 18:04:56 - PHP Notice:  Undefined index: address_id in /www/webvol16/2l/cu9ffy6mb8jhi1f/xboxliveguld.se/public_html/catalog/controller/d_quickcheckout/confirm.php on line 76
2016-02-10 18:05:37 - PHP Notice:  Undefined variable: fff in /www/webvol16/2l/cu9ffy6mb8jhi1f/xboxliveguld.se/public_html/vqmod/vqcache/vq2-catalog_model_checkout_order.php on line 458
2016-02-10 18:16:21 - PHP Notice:  Undefined index: address_id in /www/webvol16/2l/cu9ffy6mb8jhi1f/xboxliveguld.se/public_html/catalog/controller/d_quickcheckout/confirm.php on line 76
2016-02-10 18:18:12 - PHP Notice:  Undefined index: address_id in /www/webvol16/2l/cu9ffy6mb8jhi1f/xboxliveguld.se/public_html/catalog/controller/d_quickcheckout/confirm.php on line 76
2016-02-10 18:21:12 - PHP Notice:  Undefined index: address_id in /www/webvol16/2l/cu9ffy6mb8jhi1f/xboxliveguld.se/public_html/catalog/controller/d_quickcheckout/confirm.php on line 76
2016-02-10 18:23:57 - PHP Notice:  Undefined index: address_id in /www/webvol16/2l/cu9ffy6mb8jhi1f/xboxliveguld.se/public_html/catalog/controller/d_quickcheckout/confirm.php on line 76
2016-02-10 18:24:24 - PHP Notice:  Undefined variable: fff in /www/webvol16/2l/cu9ffy6mb8jhi1f/xboxliveguld.se/public_html/vqmod/vqcache/vq2-catalog_model_checkout_order.php on line 458
2016-02-11 0:26:20 - PHP Notice:  Undefined index: address_id in /www/webvol16/2l/cu9ffy6mb8jhi1f/xboxliveguld.se/public_html/catalog/controller/d_quickcheckout/confirm.php on line 76
2016-02-11 0:28:51 - PHP Notice:  Undefined index: address_id in /www/webvol16/2l/cu9ffy6mb8jhi1f/xboxliveguld.se/public_html/catalog/controller/d_quickcheckout/confirm.php on line 76
2016-02-11 0:33:22 - PHP Notice:  Undefined index: address_id in /www/webvol16/2l/cu9ffy6mb8jhi1f/xboxliveguld.se/public_html/catalog/controller/d_quickcheckout/confirm.php on line 76
2016-02-11 0:33:51 - PHP Notice:  Undefined variable: fff in /www/webvol16/2l/cu9ffy6mb8jhi1f/xboxliveguld.se/public_html/vqmod/vqcache/vq2-catalog_model_checkout_order.php on line 458
2016-02-11 15:02:37 - PHP Notice:  Undefined variable: fff in /www/webvol16/2l/cu9ffy6mb8jhi1f/xboxliveguld.se/public_html/vqmod/vqcache/vq2-catalog_model_checkout_order.php on line 458
2016-02-12 17:58:49 - PHP Notice:  Undefined index: address_id in /www/webvol16/2l/cu9ffy6mb8jhi1f/xboxliveguld.se/public_html/catalog/controller/d_quickcheckout/confirm.php on line 76
2016-02-12 18:00:48 - PHP Notice:  Undefined index: address_id in /www/webvol16/2l/cu9ffy6mb8jhi1f/xboxliveguld.se/public_html/catalog/controller/d_quickcheckout/confirm.php on line 76
2016-02-12 18:05:13 - PHP Notice:  Undefined index: address_id in /www/webvol16/2l/cu9ffy6mb8jhi1f/xboxliveguld.se/public_html/catalog/controller/d_quickcheckout/confirm.php on line 76
2016-02-12 18:10:05 - PHP Notice:  Undefined index: address_id in /www/webvol16/2l/cu9ffy6mb8jhi1f/xboxliveguld.se/public_html/catalog/controller/d_quickcheckout/confirm.php on line 76
2016-02-12 18:10:47 - PHP Notice:  Undefined variable: product_info_aute in /www/webvol16/2l/cu9ffy6mb8jhi1f/xboxliveguld.se/public_html/vqmod/vqcache/vq2-catalog_model_checkout_order.php on line 361
2016-02-12 18:10:47 - PHP Warning:  Invalid argument supplied for foreach() in /www/webvol16/2l/cu9ffy6mb8jhi1f/xboxliveguld.se/public_html/vqmod/vqcache/vq2-catalog_model_checkout_order.php on line 361
2016-02-12 18:12:51 - PHP Notice:  Undefined index: address_id in /www/webvol16/2l/cu9ffy6mb8jhi1f/xboxliveguld.se/public_html/catalog/controller/d_quickcheckout/confirm.php on line 76
2016-02-12 18:13:22 - PHP Notice:  Undefined variable: product_info_aute in /www/webvol16/2l/cu9ffy6mb8jhi1f/xboxliveguld.se/public_html/vqmod/vqcache/vq2-catalog_model_checkout_order.php on line 361
2016-02-12 18:13:22 - PHP Warning:  Invalid argument supplied for foreach() in /www/webvol16/2l/cu9ffy6mb8jhi1f/xboxliveguld.se/public_html/vqmod/vqcache/vq2-catalog_model_checkout_order.php on line 361
2016-02-12 18:14:49 - PHP Notice:  Undefined index: address_id in /www/webvol16/2l/cu9ffy6mb8jhi1f/xboxliveguld.se/public_html/catalog/controller/d_quickcheckout/confirm.php on line 76
2016-02-12 18:16:05 - PHP Notice:  Undefined index: address_id in /www/webvol16/2l/cu9ffy6mb8jhi1f/xboxliveguld.se/public_html/catalog/controller/d_quickcheckout/confirm.php on line 76
2016-02-12 18:16:32 - PHP Notice:  Undefined variable: product_info_aute in /www/webvol16/2l/cu9ffy6mb8jhi1f/xboxliveguld.se/public_html/vqmod/vqcache/vq2-catalog_model_checkout_order.php on line 361
2016-02-12 18:16:32 - PHP Warning:  Invalid argument supplied for foreach() in /www/webvol16/2l/cu9ffy6mb8jhi1f/xboxliveguld.se/public_html/vqmod/vqcache/vq2-catalog_model_checkout_order.php on line 361
2016-02-12 18:18:11 - PHP Notice:  Undefined index: address_id in /www/webvol16/2l/cu9ffy6mb8jhi1f/xboxliveguld.se/public_html/catalog/controller/d_quickcheckout/confirm.php on line 76
2016-02-12 18:20:24 - PHP Notice:  Undefined index: address_id in /www/webvol16/2l/cu9ffy6mb8jhi1f/xboxliveguld.se/public_html/catalog/controller/d_quickcheckout/confirm.php on line 76
2016-02-12 18:20:53 - PHP Notice:  Undefined variable: product_info_aute in /www/webvol16/2l/cu9ffy6mb8jhi1f/xboxliveguld.se/public_html/vqmod/vqcache/vq2-catalog_model_checkout_order.php on line 361
2016-02-12 18:20:53 - PHP Warning:  Invalid argument supplied for foreach() in /www/webvol16/2l/cu9ffy6mb8jhi1f/xboxliveguld.se/public_html/vqmod/vqcache/vq2-catalog_model_checkout_order.php on line 361
2016-02-12 18:22:17 - PHP Notice:  Undefined index: address_id in /www/webvol16/2l/cu9ffy6mb8jhi1f/xboxliveguld.se/public_html/catalog/controller/d_quickcheckout/confirm.php on line 76
2016-02-12 18:22:45 - PHP Notice:  Undefined variable: product_info_aute in /www/webvol16/2l/cu9ffy6mb8jhi1f/xboxliveguld.se/public_html/vqmod/vqcache/vq2-catalog_model_checkout_order.php on line 361
2016-02-12 18:22:45 - PHP Warning:  Invalid argument supplied for foreach() in /www/webvol16/2l/cu9ffy6mb8jhi1f/xboxliveguld.se/public_html/vqmod/vqcache/vq2-catalog_model_checkout_order.php on line 361
2016-02-12 18:25:54 - PHP Notice:  Undefined index: address_id in /www/webvol16/2l/cu9ffy6mb8jhi1f/xboxliveguld.se/public_html/catalog/controller/d_quickcheckout/confirm.php on line 76
2016-02-12 18:28:08 - PHP Notice:  Undefined index: address_id in /www/webvol16/2l/cu9ffy6mb8jhi1f/xboxliveguld.se/public_html/catalog/controller/d_quickcheckout/confirm.php on line 76
